<?xml version="1.0" encoding="UTF-8"?>
<!-- Generated by org.testng.reporters.JUnitReportReporter -->
<testsuite name="testng.HelloWorldNGTest" tests="1" time="0.015" ignored="0" failures="0" timestamp="24 May 2018 14:36:47 GMT" skipped="0" hostname="vijay-e460" errors="0">
  <testcase name="testEmailGenerator" time="0.015" classname="testng.HelloWorldNGTest"/>
</testsuite> <!-- testng.HelloWorldNGTest -->
